[debug] > Exec(early(addDefaultCommands), None, None)
[debug] > Exec(addDefaultCommands, None, None)
[debug] > Exec(early(initialize), None, None)
[debug] > Exec(initialize, None, None)
[debug] > Exec(boot, None, None)
[debug] > Exec(writeSbtVersion, None, None)
[debug] > Exec(reload, None, None)
[debug] > Exec(sbtStashOnFailure, None, None)
[debug] > Exec(onFailure loadFailed, None, None)
[debug] > Exec(loadp, None, None)
[info] welcome to sbt 1.4.9 (Ubuntu Java 11.0.13)
[debug]       Load.loadUnit: plugins took 93.338669ms
[debug]       Load.loadUnit: defsScala took 0.432788ms
[debug] [Loading] Scanning directory /home/knoldus/.sbt/1.0/plugins
[debug] [Loading] Found non-root projects 
[debug] [Loading] Done in /home/knoldus/.sbt/1.0/plugins, returning: ()
[debug] deducing auto plugins based on known facts Set(Atom(sbt.plugins.CorePlugin)) and clauses Clauses(List(Clause(Atom(sbt.plugins.JvmPlugin),Set(Atom(sbt.plugins.IvyPlugin))), Clause(Atom(sbt.ScriptedPlugin),Set(Atom(sbt.plugins.JvmPlugin))), Clause(Atom(sbt.plugins.SbtPlugin),Set(Atom(sbt.ScriptedPlugin))), Clause(Atom(sbt.plugins.SemanticdbPlugin),Set(Atom(sbt.plugins.JvmPlugin))), Clause(Atom(sbt.plugins.JUnitXmlReportPlugin),Set(Atom(sbt.plugins.JvmPlugin))), Clause(Atom(sbt.plugins.MiniDependencyTreePlugin),Set(Atom(sbt.plugins.JvmPlugin))), Clause(Atom(sbt.plugins.CorePlugin),Set(Atom(sbt.plugins.IvyPlugin))), Clause(Atom(sbt.plugins.IvyPlugin),Set(Atom(sbt.plugins.JvmPlugin))), Clause(Atom(sbt.plugins.JvmPlugin),Set(Atom(sbt.plugins.SemanticdbPlugin))), Clause(Atom(sbt.plugins.JvmPlugin),Set(Atom(sbt.plugins.JUnitXmlReportPlugin))), Clause(Atom(sbt.plugins.CorePlugin),Set(Atom(sbt.plugins.Giter8TemplatePlugin))), Clause(Atom(sbt.plugins.JvmPlugin),Set(Atom(sbt.plugins.MiniDependencyTreePlugin)))))
[debug]   :: deduced result: Matched(sbt.plugins.CorePlugin,sbt.plugins.Giter8TemplatePlugin,sbt.plugins.IvyPlugin,sbt.plugins.JvmPlugin,sbt.plugins.MiniDependencyTreePlugin,sbt.plugins.JUnitXmlReportPlugin,sbt.plugins.SemanticdbPlugin)
[debug] Plugins.deducer#function took 21.22858 ms
[debug]           Load.resolveProject(global-plugins) took 48.621104ms
[debug]         Load.loadTransitive: finalizeProject(Project(id global-plugins, base: /home/knoldus/.sbt/1.0/plugins, plugins: List(<none>))) took 97.986931ms
[debug] [Loading] Done in /home/knoldus/.sbt/1.0/plugins, returning: (global-plugins)
[debug]       Load.loadUnit: loadedProjectsRaw took 136.157619ms
[debug]       Load.loadUnit: cleanEvalClasses took 0.26323ms
[debug]     Load.loadUnit(file:/home/knoldus/.sbt/1.0/plugins/, ...) took 241.684356ms
[debug]   Load.apply: load took 455.332079ms
[debug]   Load.apply: resolveProjects took 6.270143ms
[debug]   Load.apply: finalTransforms took 59.086285ms
[debug]   Load.apply: config.delegates took 6.30062ms
[debug]   Load.apply: Def.make(settings)... took 407.147812ms
[debug]   Load.apply: structureIndex took 93.199073ms
[debug]   Load.apply: mkStreams took 1.430161ms
[info] loading global plugins from /home/knoldus/.sbt/1.0/plugins
[debug] Running task... Cancel: Signal, check cycles: false, forcegc: true
[debug] Load.defaultLoad until apply took 2402.054961ms
[debug]           Load.loadUnit: plugins took 11.68257ms
[debug]           Load.loadUnit: defsScala took 0.0036ms
[debug] [Loading] Scanning directory /home/knoldus/Knoldus/Personal Repo/Actor_behaviour/project
[debug] [Loading] Found non-root projects 
[debug] [Loading] Done in /home/knoldus/Knoldus/Personal Repo/Actor_behaviour/project, returning: ()
[debug] deducing auto plugins based on known facts Set(Atom(sbt.plugins.CorePlugin)) and clauses Clauses(List(Clause(Atom(sbt.plugins.JvmPlugin),Set(Atom(sbt.plugins.IvyPlugin))), Clause(Atom(sbt.ScriptedPlugin),Set(Atom(sbt.plugins.JvmPlugin))), Clause(Atom(sbt.plugins.SbtPlugin),Set(Atom(sbt.ScriptedPlugin))), Clause(Atom(sbt.plugins.SemanticdbPlugin),Set(Atom(sbt.plugins.JvmPlugin))), Clause(Atom(sbt.plugins.JUnitXmlReportPlugin),Set(Atom(sbt.plugins.JvmPlugin))), Clause(Atom(sbt.plugins.MiniDependencyTreePlugin),Set(Atom(sbt.plugins.JvmPlugin))), Clause(Atom(sbt.plugins.CorePlugin),Set(Atom(sbt.plugins.IvyPlugin))), Clause(Atom(sbt.plugins.IvyPlugin),Set(Atom(sbt.plugins.JvmPlugin))), Clause(Atom(sbt.plugins.JvmPlugin),Set(Atom(sbt.plugins.SemanticdbPlugin))), Clause(Atom(sbt.plugins.JvmPlugin),Set(Atom(sbt.plugins.JUnitXmlReportPlugin))), Clause(Atom(sbt.plugins.CorePlugin),Set(Atom(sbt.plugins.Giter8TemplatePlugin))), Clause(Atom(sbt.plugins.JvmPlugin),Set(Atom(sbt.plugins.MiniDependencyTreePlugin)))))
[debug]   :: deduced result: Matched(sbt.plugins.CorePlugin,sbt.plugins.Giter8TemplatePlugin,sbt.plugins.IvyPlugin,sbt.plugins.JvmPlugin,sbt.plugins.MiniDependencyTreePlugin,sbt.plugins.JUnitXmlReportPlugin,sbt.plugins.SemanticdbPlugin)
[debug] Plugins.deducer#function took 1.737133 ms
[debug]               Load.resolveProject(actor_behaviour-build) took 0.990622ms
[debug]             Load.loadTransitive: finalizeProject(Project(id actor_behaviour-build, base: /home/knoldus/Knoldus/Personal Repo/Actor_behaviour/project, plugins: List(<none>))) took 3.320576ms
[debug] [Loading] Done in /home/knoldus/Knoldus/Personal Repo/Actor_behaviour/project, returning: (actor_behaviour-build)
[debug]           Load.loadUnit: loadedProjectsRaw took 4.950665ms
[debug]           Load.loadUnit: cleanEvalClasses took 0.010168ms
[debug]         Load.loadUnit(file:/home/knoldus/Knoldus/Personal%20Repo/Actor_behaviour/project/, ...) took 17.187054ms
[debug]       Load.apply: load took 18.538623ms
[debug]       Load.apply: resolveProjects took 0.105737ms
[debug]       Load.apply: finalTransforms took 8.529216ms
[debug]       Load.apply: config.delegates took 0.361785ms
[debug]       Load.apply: Def.make(settings)... took 85.234841ms
[debug]       Load.apply: structureIndex took 40.590786ms
[debug]       Load.apply: mkStreams took 0.002981ms
[info] loading project definition from /home/knoldus/Knoldus/Personal Repo/Actor_behaviour/project
[debug] Running task... Cancel: Signal, check cycles: false, forcegc: true
[debug]     Load.loadUnit: plugins took 311.54971ms
[debug]     Load.loadUnit: defsScala took 0.004263ms
[debug] [Loading] Scanning directory /home/knoldus/Knoldus/Personal Repo/Actor_behaviour
[debug]       Load.loadUnit: mkEval took 7.815372ms
[debug] [Loading] Found non-root projects 
[debug] [Loading] Done in /home/knoldus/Knoldus/Personal Repo/Actor_behaviour, returning: ()
[debug] deducing auto plugins based on known facts Set(Atom(sbt.plugins.CorePlugin)) and clauses Clauses(List(Clause(Atom(sbt.plugins.JvmPlugin),Set(Atom(sbt.plugins.IvyPlugin))), Clause(Atom(sbt.ScriptedPlugin),Set(Atom(sbt.plugins.JvmPlugin))), Clause(Atom(sbt.plugins.SbtPlugin),Set(Atom(sbt.ScriptedPlugin))), Clause(Atom(sbt.plugins.SemanticdbPlugin),Set(Atom(sbt.plugins.JvmPlugin))), Clause(Atom(sbt.plugins.JUnitXmlReportPlugin),Set(Atom(sbt.plugins.JvmPlugin))), Clause(Atom(sbt.plugins.MiniDependencyTreePlugin),Set(Atom(sbt.plugins.JvmPlugin))), Clause(Atom(sbt.plugins.CorePlugin),Set(Atom(sbt.plugins.IvyPlugin))), Clause(Atom(sbt.plugins.IvyPlugin),Set(Atom(sbt.plugins.JvmPlugin))), Clause(Atom(sbt.plugins.JvmPlugin),Set(Atom(sbt.plugins.SemanticdbPlugin))), Clause(Atom(sbt.plugins.JvmPlugin),Set(Atom(sbt.plugins.JUnitXmlReportPlugin))), Clause(Atom(sbt.plugins.CorePlugin),Set(Atom(sbt.plugins.Giter8TemplatePlugin))), Clause(Atom(sbt.plugins.JvmPlugin),Set(Atom(sbt.plugins.MiniDependencyTreePlugin)))))
[debug]   :: deduced result: Matched(sbt.plugins.CorePlugin,sbt.plugins.Giter8TemplatePlugin,sbt.plugins.IvyPlugin,sbt.plugins.JvmPlugin,sbt.plugins.MiniDependencyTreePlugin,sbt.plugins.JUnitXmlReportPlugin,sbt.plugins.SemanticdbPlugin)
[debug] Plugins.deducer#function took 2.323294 ms
[info] loading settings for project actor_behaviour from build.sbt ...
[debug]         Load.resolveProject(actor_behaviour) took 2.338563ms
[debug]       Load.loadTransitive: finalizeProject(Project(id actor_behaviour, base: /home/knoldus/Knoldus/Personal Repo/Actor_behaviour, plugins: List(<none>))) took 5.345859ms
[debug] [Loading] Done in /home/knoldus/Knoldus/Personal Repo/Actor_behaviour, returning: (actor_behaviour)
[debug]     Load.loadUnit: loadedProjectsRaw took 95.207308ms
[debug]     Load.loadUnit: cleanEvalClasses took 3.971907ms
[debug]   Load.loadUnit(file:/home/knoldus/Knoldus/Personal%20Repo/Actor_behaviour/, ...) took 411.628026ms
[debug] Load.apply: load took 413.028694ms
[debug] Load.apply: resolveProjects took 0.153593ms
[debug] Load.apply: finalTransforms took 7.081806ms
[debug] Load.apply: config.delegates took 0.322944ms
[debug] Load.apply: Def.make(settings)... took 64.924358ms
[debug] Load.apply: structureIndex took 21.966724ms
[debug] Load.apply: mkStreams took 0.002477ms
[info] set current project to Actor_behaviour (in build file:/home/knoldus/Knoldus/Personal%20Repo/Actor_behaviour/)
[debug] > Exec(sbtPopOnFailure, None, None)
[debug] > Exec(resumeFromFailure, None, None)
[debug] > Exec(notifyUsersAboutShell, None, None)
[debug] > Exec(iflast shell, None, None)
[debug] > Exec(shell, None, None)
[info] sbt server started at local:///home/knoldus/.sbt/1.0/server/ddb43c7f935e9864debf/sock
[info] started sbt server
