[debug] > Exec(early(addDefaultCommands), None, None)
[debug] > Exec(addDefaultCommands, None, None)
[debug] > Exec(early(initialize), None, None)
[debug] > Exec(initialize, None, None)
[debug] > Exec(boot, None, None)
[debug] > Exec(writeSbtVersion, None, None)
[debug] > Exec(reload, None, None)
[debug] > Exec(sbtStashOnFailure, None, None)
[debug] > Exec(onFailure loadFailed, None, None)
[debug] > Exec(loadp, None, None)
[info] welcome to sbt 1.5.6 (Ubuntu Java 11.0.13)
[debug]       Load.loadUnit: plugins took 111.340765ms
[debug]       Load.loadUnit: defsScala took 0.69079ms
[debug] [Loading] Scanning directory /home/knoldus/.sbt/1.0/plugins
[debug] [Loading] Found non-root projects 
[debug] [Loading] Done in /home/knoldus/.sbt/1.0/plugins, returning: ()
[debug] deducing auto plugins based on known facts Set(Atom(sbt.plugins.CorePlugin)) and clauses Clauses(Clause(Atom(sbt.plugins.JvmPlugin),Set(Atom(sbt.plugins.IvyPlugin)))
[debug] Clause(Atom(sbt.ScriptedPlugin),Set(Atom(sbt.plugins.JvmPlugin)))
[debug] Clause(Atom(sbt.plugins.SbtPlugin),Set(Atom(sbt.ScriptedPlugin)))
[debug] Clause(Atom(sbt.plugins.SemanticdbPlugin),Set(Atom(sbt.plugins.JvmPlugin)))
[debug] Clause(Atom(sbt.plugins.JUnitXmlReportPlugin),Set(Atom(sbt.plugins.JvmPlugin)))
[debug] Clause(Atom(sbt.plugins.MiniDependencyTreePlugin),Set(Atom(sbt.plugins.JvmPlugin)))
[debug] Clause(Atom(sbt.plugins.CorePlugin),Set(Atom(sbt.plugins.IvyPlugin)))
[debug] Clause(Atom(sbt.plugins.IvyPlugin),Set(Atom(sbt.plugins.JvmPlugin)))
[debug] Clause(Atom(sbt.plugins.JvmPlugin),Set(Atom(sbt.plugins.SemanticdbPlugin)))
[debug] Clause(Atom(sbt.plugins.JvmPlugin),Set(Atom(sbt.plugins.JUnitXmlReportPlugin)))
[debug] Clause(Atom(sbt.plugins.CorePlugin),Set(Atom(sbt.plugins.Giter8TemplatePlugin)))
[debug] Clause(Atom(sbt.plugins.JvmPlugin),Set(Atom(sbt.plugins.MiniDependencyTreePlugin))))
[debug]   :: deduced result: Matched(sbt.plugins.CorePlugin,sbt.plugins.Giter8TemplatePlugin,sbt.plugins.IvyPlugin,sbt.plugins.JvmPlugin,sbt.plugins.MiniDependencyTreePlugin,sbt.plugins.JUnitXmlReportPlugin,sbt.plugins.SemanticdbPlugin)
[debug] Plugins.deducer#function took 21.538906 ms
[debug]           Load.resolveProject(global-plugins) took 56.690042ms
[debug]         Load.loadTransitive: finalizeProject(Project(id global-plugins, base: /home/knoldus/.sbt/1.0/plugins, plugins: List(<none>))) took 114.813298ms
[debug] [Loading] Done in /home/knoldus/.sbt/1.0/plugins, returning: (global-plugins)
[debug]       Load.loadUnit: loadedProjectsRaw took 161.299645ms
[debug]       Load.loadUnit: cleanEvalClasses took 0.31957ms
[debug]     Load.loadUnit(file:/home/knoldus/.sbt/1.0/plugins/, ...) took 286.536709ms
[debug]   Load.apply: load took 504.580964ms
[debug]   Load.apply: resolveProjects took 6.097122ms
[debug]   Load.apply: finalTransforms took 59.717039ms
[debug]   Load.apply: config.delegates took 6.944492ms
[debug]   Load.apply: Def.make(settings)... took 443.342407ms
[debug]   Load.apply: structureIndex took 101.011202ms
[debug]   Load.apply: mkStreams took 1.398175ms
[info] loading global plugins from /home/knoldus/.sbt/1.0/plugins
[debug] Running task... Cancel: Signal, check cycles: false, forcegc: true
[debug] Load.defaultLoad until apply took 2547.21588ms
[debug]           Load.loadUnit: plugins took 15.368639ms
[debug]           Load.loadUnit: defsScala took 0.003819ms
[debug] [Loading] Scanning directory /home/knoldus/Knoldus/Personal Repo/Actor_behaviour/project
[debug] [Loading] Found non-root projects 
[debug] [Loading] Done in /home/knoldus/Knoldus/Personal Repo/Actor_behaviour/project, returning: ()
[debug] deducing auto plugins based on known facts Set(Atom(sbt.plugins.CorePlugin)) and clauses Clauses(Clause(Atom(sbt.plugins.JvmPlugin),Set(Atom(sbt.plugins.IvyPlugin)))
[debug] Clause(Atom(sbt.ScriptedPlugin),Set(Atom(sbt.plugins.JvmPlugin)))
[debug] Clause(Atom(sbt.plugins.SbtPlugin),Set(Atom(sbt.ScriptedPlugin)))
[debug] Clause(Atom(sbt.plugins.SemanticdbPlugin),Set(Atom(sbt.plugins.JvmPlugin)))
[debug] Clause(Atom(sbt.plugins.JUnitXmlReportPlugin),Set(Atom(sbt.plugins.JvmPlugin)))
[debug] Clause(Atom(sbt.plugins.MiniDependencyTreePlugin),Set(Atom(sbt.plugins.JvmPlugin)))
[debug] Clause(Atom(sbt.plugins.CorePlugin),Set(Atom(sbt.plugins.IvyPlugin)))
[debug] Clause(Atom(sbt.plugins.IvyPlugin),Set(Atom(sbt.plugins.JvmPlugin)))
[debug] Clause(Atom(sbt.plugins.JvmPlugin),Set(Atom(sbt.plugins.SemanticdbPlugin)))
[debug] Clause(Atom(sbt.plugins.JvmPlugin),Set(Atom(sbt.plugins.JUnitXmlReportPlugin)))
[debug] Clause(Atom(sbt.plugins.CorePlugin),Set(Atom(sbt.plugins.Giter8TemplatePlugin)))
[debug] Clause(Atom(sbt.plugins.JvmPlugin),Set(Atom(sbt.plugins.MiniDependencyTreePlugin))))
[debug]   :: deduced result: Matched(sbt.plugins.CorePlugin,sbt.plugins.Giter8TemplatePlugin,sbt.plugins.IvyPlugin,sbt.plugins.JvmPlugin,sbt.plugins.MiniDependencyTreePlugin,sbt.plugins.JUnitXmlReportPlugin,sbt.plugins.SemanticdbPlugin)
[debug] Plugins.deducer#function took 2.31326 ms
[debug]               Load.resolveProject(actor_behaviour-build) took 1.079831ms
[debug]             Load.loadTransitive: finalizeProject(Project(id actor_behaviour-build, base: /home/knoldus/Knoldus/Personal Repo/Actor_behaviour/project, plugins: List(<none>))) took 4.215781ms
[debug] [Loading] Done in /home/knoldus/Knoldus/Personal Repo/Actor_behaviour/project, returning: (actor_behaviour-build)
[debug]           Load.loadUnit: loadedProjectsRaw took 6.271988ms
[debug]           Load.loadUnit: cleanEvalClasses took 0.019985ms
[debug]         Load.loadUnit(file:/home/knoldus/Knoldus/Personal%20Repo/Actor_behaviour/project/, ...) took 22.398106ms
[debug]       Load.apply: load took 24.232761ms
[debug]       Load.apply: resolveProjects took 0.152957ms
[debug]       Load.apply: finalTransforms took 14.313774ms
[debug]       Load.apply: config.delegates took 0.864637ms
[debug]       Load.apply: Def.make(settings)... took 92.362725ms
[debug]       Load.apply: structureIndex took 35.64997ms
[debug]       Load.apply: mkStreams took 0.003313ms
[info] loading project definition from /home/knoldus/Knoldus/Personal Repo/Actor_behaviour/project
[debug] Running task... Cancel: Signal, check cycles: false, forcegc: true
[debug]     Load.loadUnit: plugins took 332.372008ms
[debug]     Load.loadUnit: defsScala took 0.00265ms
[debug] [Loading] Scanning directory /home/knoldus/Knoldus/Personal Repo/Actor_behaviour
[debug]       Load.loadUnit: mkEval took 4.731181ms
[debug] [Loading] Found non-root projects 
[debug] [Loading] Done in /home/knoldus/Knoldus/Personal Repo/Actor_behaviour, returning: ()
[debug] deducing auto plugins based on known facts Set(Atom(sbt.plugins.CorePlugin)) and clauses Clauses(Clause(Atom(sbt.plugins.JvmPlugin),Set(Atom(sbt.plugins.IvyPlugin)))
[debug] Clause(Atom(sbt.ScriptedPlugin),Set(Atom(sbt.plugins.JvmPlugin)))
[debug] Clause(Atom(sbt.plugins.SbtPlugin),Set(Atom(sbt.ScriptedPlugin)))
[debug] Clause(Atom(sbt.plugins.SemanticdbPlugin),Set(Atom(sbt.plugins.JvmPlugin)))
[debug] Clause(Atom(sbt.plugins.JUnitXmlReportPlugin),Set(Atom(sbt.plugins.JvmPlugin)))
[debug] Clause(Atom(sbt.plugins.MiniDependencyTreePlugin),Set(Atom(sbt.plugins.JvmPlugin)))
[debug] Clause(Atom(sbt.plugins.CorePlugin),Set(Atom(sbt.plugins.IvyPlugin)))
[debug] Clause(Atom(sbt.plugins.IvyPlugin),Set(Atom(sbt.plugins.JvmPlugin)))
[debug] Clause(Atom(sbt.plugins.JvmPlugin),Set(Atom(sbt.plugins.SemanticdbPlugin)))
[debug] Clause(Atom(sbt.plugins.JvmPlugin),Set(Atom(sbt.plugins.JUnitXmlReportPlugin)))
[debug] Clause(Atom(sbt.plugins.CorePlugin),Set(Atom(sbt.plugins.Giter8TemplatePlugin)))
[debug] Clause(Atom(sbt.plugins.JvmPlugin),Set(Atom(sbt.plugins.MiniDependencyTreePlugin))))
[debug]   :: deduced result: Matched(sbt.plugins.CorePlugin,sbt.plugins.Giter8TemplatePlugin,sbt.plugins.IvyPlugin,sbt.plugins.JvmPlugin,sbt.plugins.MiniDependencyTreePlugin,sbt.plugins.JUnitXmlReportPlugin,sbt.plugins.SemanticdbPlugin)
[debug] Plugins.deducer#function took 1.568054 ms
[info] loading settings for project actor_behaviour from build.sbt ...
[debug]         Load.resolveProject(actor_behaviour) took 2.806997ms
[debug]       Load.loadTransitive: finalizeProject(Project(id actor_behaviour, base: /home/knoldus/Knoldus/Personal Repo/Actor_behaviour, plugins: List(<none>))) took 4.875342ms
[debug] [Loading] Done in /home/knoldus/Knoldus/Personal Repo/Actor_behaviour, returning: (actor_behaviour)
[debug]     Load.loadUnit: loadedProjectsRaw took 75.591098ms
[debug]     Load.loadUnit: cleanEvalClasses took 3.633594ms
[debug]   Load.loadUnit(file:/home/knoldus/Knoldus/Personal%20Repo/Actor_behaviour/, ...) took 412.218699ms
[debug] Load.apply: load took 413.562181ms
[debug] Load.apply: resolveProjects took 0.130541ms
[debug] Load.apply: finalTransforms took 7.995673ms
[debug] Load.apply: config.delegates took 0.416656ms
[debug] Load.apply: Def.make(settings)... took 77.468594ms
[debug] Load.apply: structureIndex took 31.278534ms
[debug] Load.apply: mkStreams took 0.002781ms
[info] set current project to Actor_behaviour (in build file:/home/knoldus/Knoldus/Personal%20Repo/Actor_behaviour/)
[debug] > Exec(sbtPopOnFailure, None, None)
[debug] > Exec(resumeFromFailure, None, None)
[debug] > Exec(notifyUsersAboutShell, None, None)
[debug] > Exec(iflast shell, None, None)
[debug] > Exec(shell, None, None)
[info] sbt server started at local:///home/knoldus/.sbt/1.0/server/ddb43c7f935e9864debf/sock
[debug] Writing bsp connection file
[info] started sbt server
